  Transition system    : Projective
  Parser configuration : Stack
  Feature model        : eng-liblinear.xml
  Classifier           : liblinear
  Data Format          : /engmalt.linear-1.7/conllx.xml
Parsing time: 00:00:32 (32599 ms)
  Transition system    : Projective
  Parser configuration : Stack
  Feature model        : eng-liblinear.xml
  Classifier           : liblinear
  Data Format          : /engmalt.linear-1.7/conllx.xml
  Transition system    : Projective
  Parser configuration : Stack
  Feature model        : eng-liblinear.xml
  Classifier           : liblinear
  Data Format          : /engmalt.linear-1.7/conllx.xml
Parsing time: 00:00:32 (32090 ms)
  Transition system    : Projective
  Parser configuration : Stack
  Feature model        : eng-liblinear.xml
  Classifier           : liblinear
  Data Format          : /engmalt.linear-1.7/conllx.xml
Parsing time: 00:00:33 (33110 ms)
  Transition system    : Projective
  Parser configuration : Stack
  Feature model        : eng-liblinear.xml
  Classifier           : liblinear
  Data Format          : /engmalt.linear-1.7/conllx.xml
Parsing time: 00:00:33 (33431 ms)
  Transition system    : Projective
  Parser configuration : Stack
  Feature model        : eng-liblinear.xml
  Classifier           : liblinear
  Data Format          : /engmalt.linear-1.7/conllx.xml
Parsing time: 00:03:11 (191567 ms)
  Transition system    : Projective
  Parser configuration : Stack
  Feature model        : eng-liblinear.xml
  Classifier           : liblinear
  Data Format          : /engmalt.linear-1.7/conllx.xml
Parsing time: 00:00:31 (31802 ms)
  Transition system    : Projective
  Parser configuration : Stack
  Feature model        : eng-liblinear.xml
  Classifier           : liblinear
  Data Format          : /engmalt.linear-1.7/conllx.xml
Parsing time: 00:00:33 (33853 ms)
  Transition system    : Projective
  Parser configuration : Stack
  Feature model        : eng-liblinear.xml
  Classifier           : liblinear
  Data Format          : /engmalt.linear-1.7/conllx.xml
  Transition system    : Projective
  Parser configuration : Stack
  Feature model        : eng-liblinear.xml
  Classifier           : liblinear
  Data Format          : /engmalt.linear-1.7/conllx.xml
  Transition system    : Projective
  Parser configuration : Stack
  Feature model        : eng-liblinear.xml
  Classifier           : liblinear
  Data Format          : /engmalt.linear-1.7/conllx.xml
  Transition system    : Projective
  Parser configuration : Stack
  Feature model        : eng-liblinear.xml
  Classifier           : liblinear
  Data Format          : /engmalt.linear-1.7/conllx.xml
  Transition system    : Projective
  Parser configuration : Stack
  Feature model        : eng-liblinear.xml
  Classifier           : liblinear
  Data Format          : /engmalt.linear-1.7/conllx.xml
  Transition system    : Projective
  Parser configuration : Stack
  Feature model        : eng-liblinear.xml
  Classifier           : liblinear
  Data Format          : /engmalt.linear-1.7/conllx.xml
Parsing time: 00:03:14 (194530 ms)
  Transition system    : Projective
  Parser configuration : Stack
  Feature model        : eng-liblinear.xml
  Classifier           : liblinear
  Data Format          : /engmalt.linear-1.7/conllx.xml
Parsing time: 00:00:31 (31445 ms)
  Transition system    : Projective
  Parser configuration : Stack
  Feature model        : eng-liblinear.xml
  Classifier           : liblinear
  Data Format          : /engmalt.linear-1.7/conllx.xml
Parsing time: 00:02:25 (145875 ms)
  Transition system    : Projective
  Parser configuration : Stack
  Feature model        : eng-liblinear.xml
  Classifier           : liblinear
  Data Format          : /engmalt.linear-1.7/conllx.xml
Parsing time: 00:02:26 (146004 ms)
  Transition system    : Projective
  Parser configuration : Stack
  Feature model        : eng-liblinear.xml
  Classifier           : liblinear
  Data Format          : /engmalt.linear-1.7/conllx.xml
Parsing time: 00:02:37 (157854 ms)
  Transition system    : Projective
  Parser configuration : Stack
  Feature model        : eng-liblinear.xml
  Classifier           : liblinear
  Data Format          : /engmalt.linear-1.7/conllx.xml
Parsing time: 00:02:39 (159681 ms)
  Transition system    : Projective
  Parser configuration : Stack
  Feature model        : eng-liblinear.xml
  Classifier           : liblinear
  Data Format          : /engmalt.linear-1.7/conllx.xml
Parsing time: 00:00:54 (54917 ms)
  Transition system    : Projective
  Parser configuration : Stack
  Feature model        : eng-liblinear.xml
  Classifier           : liblinear
  Data Format          : /engmalt.linear-1.7/conllx.xml
  Transition system    : Projective
  Parser configuration : Stack
  Feature model        : eng-liblinear.xml
  Classifier           : liblinear
  Data Format          : /engmalt.linear-1.7/conllx.xml
  Transition system    : Projective
  Parser configuration : Stack
  Feature model        : eng-liblinear.xml
  Classifier           : liblinear
  Data Format          : /engmalt.linear-1.7/conllx.xml
Parsing time: 00:03:28 (208308 ms)
  Transition system    : Projective
  Parser configuration : Stack
  Feature model        : eng-liblinear.xml
  Classifier           : liblinear
  Data Format          : /engmalt.linear-1.7/conllx.xml
Parsing time: 00:01:31 (91376 ms)
  Transition system    : Projective
  Parser configuration : Stack
  Feature model        : eng-liblinear.xml
  Classifier           : liblinear
  Data Format          : /engmalt.linear-1.7/conllx.xml
  Transition system    : Projective
  Parser configuration : Stack
  Feature model        : eng-liblinear.xml
  Classifier           : liblinear
  Data Format          : /engmalt.linear-1.7/conllx.xml
Parsing time: 00:01:20 (80984 ms)
  Transition system    : Projective
  Parser configuration : Stack
  Feature model        : eng-liblinear.xml
  Classifier           : liblinear
  Data Format          : /engmalt.linear-1.7/conllx.xml
Parsing time: 00:02:12 (132453 ms)
  Transition system    : Projective
  Parser configuration : Stack
  Feature model        : eng-liblinear.xml
  Classifier           : liblinear
  Data Format          : /engmalt.linear-1.7/conllx.xml
  Transition system    : Projective
  Parser configuration : Stack
  Feature model        : eng-liblinear.xml
  Classifier           : liblinear
  Data Format          : /engmalt.linear-1.7/conllx.xml
Parsing time: 00:02:12 (132421 ms)
  Transition system    : Projective
  Parser configuration : Stack
  Feature model        : eng-liblinear.xml
  Classifier           : liblinear
  Data Format          : /engmalt.linear-1.7/conllx.xml
Parsing time: 00:02:16 (136079 ms)
  Transition system    : Projective
  Parser configuration : Stack
  Feature model        : eng-liblinear.xml
  Classifier           : liblinear
  Data Format          : /engmalt.linear-1.7/conllx.xml
Parsing time: 00:02:13 (133155 ms)
  Transition system    : Projective
  Parser configuration : Stack
  Feature model        : eng-liblinear.xml
  Classifier           : liblinear
  Data Format          : /engmalt.linear-1.7/conllx.xml
Parsing time: 00:02:14 (134549 ms)
  Transition system    : Projective
  Parser configuration : Stack
  Feature model        : eng-liblinear.xml
  Classifier           : liblinear
  Data Format          : /engmalt.linear-1.7/conllx.xml
Parsing time: 00:02:16 (136676 ms)
  Transition system    : Projective
  Parser configuration : Stack
  Feature model        : eng-liblinear.xml
  Classifier           : liblinear
  Data Format          : /engmalt.linear-1.7/conllx.xml
Parsing time: 00:04:04 (244261 ms)
  Transition system    : Projective
  Parser configuration : Stack
  Feature model        : eng-liblinear.xml
  Classifier           : liblinear
  Data Format          : /engmalt.linear-1.7/conllx.xml
Parsing time: 00:00:00 (337 ms)
  Transition system    : Projective
  Parser configuration : Stack
  Feature model        : eng-liblinear.xml
  Classifier           : liblinear
  Data Format          : /engmalt.linear-1.7/conllx.xml
Parsing time: 00:00:15 (15426 ms)
  Transition system    : Projective
  Parser configuration : Stack
  Feature model        : eng-liblinear.xml
  Classifier           : liblinear
  Data Format          : /engmalt.linear-1.7/conllx.xml
Parsing time: 00:00:15 (15347 ms)
  Transition system    : Projective
  Parser configuration : Stack
  Feature model        : eng-liblinear.xml
  Classifier           : liblinear
  Data Format          : /engmalt.linear-1.7/conllx.xml
Parsing time: 00:00:21 (21213 ms)
  Transition system    : Projective
  Parser configuration : Stack
  Feature model        : eng-liblinear.xml
  Classifier           : liblinear
  Data Format          : /engmalt.linear-1.7/conllx.xml
Parsing time: 00:04:00 (240747 ms)
  Transition system    : Projective
  Parser configuration : Stack
  Feature model        : eng-liblinear.xml
  Classifier           : liblinear
  Data Format          : /engmalt.linear-1.7/conllx.xml
Parsing time: 00:00:15 (15059 ms)
  Transition system    : Projective
  Parser configuration : Stack
  Feature model        : eng-liblinear.xml
  Classifier           : liblinear
  Data Format          : /engmalt.linear-1.7/conllx.xml
Parsing time: 00:00:21 (21669 ms)
  Transition system    : Projective
  Parser configuration : Stack
  Feature model        : eng-liblinear.xml
  Classifier           : liblinear
  Data Format          : /engmalt.linear-1.7/conllx.xml
Parsing time: 00:00:20 (20538 ms)
  Transition system    : Projective
  Parser configuration : Stack
  Feature model        : eng-liblinear.xml
  Classifier           : liblinear
  Data Format          : /engmalt.linear-1.7/conllx.xml
Parsing time: 00:00:13 (13219 ms)
  Transition system    : Projective
  Parser configuration : Stack
  Feature model        : eng-liblinear.xml
  Classifier           : liblinear
  Data Format          : /engmalt.linear-1.7/conllx.xml
Parsing time: 00:00:13 (13173 ms)
  Transition system    : Projective
  Parser configuration : Stack
  Feature model        : eng-liblinear.xml
  Classifier           : liblinear
  Data Format          : /engmalt.linear-1.7/conllx.xml
Parsing time: 00:00:14 (14108 ms)
  Transition system    : Projective
  Parser configuration : Stack
  Feature model        : eng-liblinear.xml
  Classifier           : liblinear
  Data Format          : /engmalt.linear-1.7/conllx.xml
Parsing time: 00:00:12 (12436 ms)
  Transition system    : Projective
  Parser configuration : Stack
  Feature model        : eng-liblinear.xml
  Classifier           : liblinear
  Data Format          : /engmalt.linear-1.7/conllx.xml
Parsing time: 00:00:28 (28948 ms)
  Transition system    : Projective
  Parser configuration : Stack
  Feature model        : eng-liblinear.xml
  Classifier           : liblinear
  Data Format          : /engmalt.linear-1.7/conllx.xml
Parsing time: 00:00:09 (9012 ms)
  Transition system    : Projective
  Parser configuration : Stack
  Feature model        : eng-liblinear.xml
  Classifier           : liblinear
  Data Format          : /engmalt.linear-1.7/conllx.xml
Parsing time: 00:00:13 (13446 ms)
  Transition system    : Projective
  Parser configuration : Stack
  Feature model        : eng-liblinear.xml
  Classifier           : liblinear
  Data Format          : /engmalt.linear-1.7/conllx.xml
Parsing time: 00:00:15 (15985 ms)
  Transition system    : Projective
  Parser configuration : Stack
  Feature model        : eng-liblinear.xml
  Classifier           : liblinear
  Data Format          : /engmalt.linear-1.7/conllx.xml
Parsing time: 00:00:09 (9524 ms)
  Transition system    : Projective
  Parser configuration : Stack
  Feature model        : eng-liblinear.xml
  Classifier           : liblinear
  Data Format          : /engmalt.linear-1.7/conllx.xml
Parsing time: 00:00:11 (11156 ms)
  Transition system    : Projective
  Parser configuration : Stack
  Feature model        : eng-liblinear.xml
  Classifier           : liblinear
  Data Format          : /engmalt.linear-1.7/conllx.xml
Parsing time: 00:00:12 (12046 ms)
  Transition system    : Projective
  Parser configuration : Stack
  Feature model        : eng-liblinear.xml
  Classifier           : liblinear
  Data Format          : /engmalt.linear-1.7/conllx.xml
Parsing time: 00:00:12 (12237 ms)
  Transition system    : Projective
  Parser configuration : Stack
  Feature model        : eng-liblinear.xml
  Classifier           : liblinear
  Data Format          : /engmalt.linear-1.7/conllx.xml
Parsing time: 00:00:17 (17787 ms)
  Transition system    : Projective
  Parser configuration : Stack
  Feature model        : eng-liblinear.xml
  Classifier           : liblinear
  Data Format          : /engmalt.linear-1.7/conllx.xml
Parsing time: 00:00:13 (13392 ms)
